<?xml version="1.0" encoding="UTF-8" standalone="yes"?><!DOCTYPE report PUBLIC "-//JACOCO//DTD Report 1.0//EN" "report.dtd"><report name="org.interstellarocean:terraforming"><sessioninfo id="ativ7-b73de612" start="1431874733663" dump="1431874737778"/><package name="org/interstellarocean/terraforming/util"><class name="org/interstellarocean/terraforming/util/VarargUtil"><method name="&lt;init&gt;" desc="()V" line="17"><counter type="INSTRUCTION" missed="3" covered="0"/><counter type="LINE" missed="2" covered="0"/><counter type="COMPLEXITY" missed="1" covered="0"/><counter type="METHOD" missed="1" covered="0"/></method><method name="$" desc="([Ljava/lang/Object;)[Ljava/lang/Object;" line="28"><counter type="INSTRUCTION" missed="0" covered="2"/><counter type="LINE" missed="0" covered="1"/><counter type="COMPLEXITY" missed="0" covered="1"/><counter type="METHOD" missed="0" covered="1"/></method><method name="$$" desc="([[Ljava/lang/Object;)[[Ljava/lang/Object;" line="39"><counter type="INSTRUCTION" missed="0" covered="2"/><counter type="LINE" missed="0" covered="1"/><counter type="COMPLEXITY" missed="0" covered="1"/><counter type="METHOD" missed="0" covered="1"/></method><counter type="INSTRUCTION" missed="3" covered="4"/><counter type="LINE" missed="2" covered="2"/><counter type="COMPLEXITY" missed="1" covered="2"/><counter type="METHOD" missed="1" covered="2"/><counter type="CLASS" missed="0" covered="1"/></class><class name="org/interstellarocean/terraforming/util/EnumInitUtil"><method name="&lt;init&gt;" desc="()V" line="26"><counter type="INSTRUCTION" missed="3" covered="0"/><counter type="LINE" missed="2" covered="0"/><counter type="COMPLEXITY" missed="1" covered="0"/><counter type="METHOD" missed="1" covered="0"/></method><method name="nullMappingError" desc="(Ljava/lang/Enum;)Ljava/util/function/Supplier;" line="36"><counter type="INSTRUCTION" missed="0" covered="4"/><counter type="LINE" missed="0" covered="1"/><counter type="COMPLEXITY" missed="0" covered="1"/><counter type="METHOD" missed="0" covered="1"/></method><method name="assertAllMapped" desc="(Ljava/util/EnumMap;)Ljava/util/EnumMap;" line="49"><counter type="INSTRUCTION" missed="0" covered="4"/><counter type="LINE" missed="0" covered="1"/><counter type="COMPLEXITY" missed="0" covered="1"/><counter type="METHOD" missed="0" covered="1"/></method><method name="safeMap" desc="(Ljava/lang/Enum;)Lorg/interstellarocean/terraforming/util/EnumInitUtil$SafeMapFrom;" line="60"><counter type="INSTRUCTION" missed="0" covered="4"/><counter type="LINE" missed="0" covered="1"/><counter type="COMPLEXITY" missed="0" covered="1"/><counter type="METHOD" missed="0" covered="1"/></method><method name="&lt;clinit&gt;" desc="()V" line="23"><counter type="INSTRUCTION" missed="0" covered="5"/><counter type="LINE" missed="0" covered="1"/><counter type="COMPLEXITY" missed="0" covered="1"/><counter type="METHOD" missed="0" covered="1"/></method><counter type="INSTRUCTION" missed="3" covered="17"/><counter type="LINE" missed="2" covered="4"/><counter type="COMPLEXITY" missed="1" covered="4"/><counter type="METHOD" missed="1" covered="4"/><counter type="CLASS" missed="0" covered="1"/></class><class name="org/interstellarocean/terraforming/util/EnumInitHelper$1$1"><method name="&lt;init&gt;" desc="(Lorg/interstellarocean/terraforming/util/EnumInitHelper$1;Ljava/util/Collection;)V" line="64"><counter type="INSTRUCTION" missed="0" covered="9"/><counter type="LINE" missed="0" covered="1"/><counter type="COMPLEXITY" missed="0" covered="1"/><counter type="METHOD" missed="0" covered="1"/></method><method name="withStore" desc="(Ljava/util/Map;)Ljava/lang/Enum;" line="68"><counter type="INSTRUCTION" missed="0" covered="22"/><counter type="LINE" missed="0" covered="3"/><counter type="COMPLEXITY" missed="0" covered="1"/><counter type="METHOD" missed="0" covered="1"/></method><method name="includeSelf" desc="(Ljava/util/function/Function;)Lorg/interstellarocean/terraforming/util/EnumInitUtil$SafeMapStore;" line="75"><counter type="INSTRUCTION" missed="0" covered="35"/><counter type="LINE" missed="0" covered="6"/><counter type="COMPLEXITY" missed="0" covered="1"/><counter type="METHOD" missed="0" covered="1"/></method><method name="join" desc="(Ljava/lang/Object;Ljava/util/Collection;)Ljava/util/Collection;" line="84"><counter type="INSTRUCTION" missed="0" covered="9"/><counter type="LINE" missed="0" covered="1"/><counter type="COMPLEXITY" missed="0" covered="1"/><counter type="METHOD" missed="0" covered="1"/></method><counter type="INSTRUCTION" missed="0" covered="75"/><counter type="LINE" missed="0" covered="11"/><counter type="COMPLEXITY" missed="0" covered="4"/><counter type="METHOD" missed="0" covered="4"/><counter type="CLASS" missed="0" covered="1"/></class><class name="org/interstellarocean/terraforming/util/EnumInitHelper"><method name="&lt;init&gt;" desc="()V" line="35"><counter type="INSTRUCTION" missed="0" covered="3"/><counter type="LINE" missed="0" covered="1"/><counter type="COMPLEXITY" missed="0" covered="1"/><counter type="METHOD" missed="0" covered="1"/></method><method name="nullMappingError" desc="(Ljava/lang/Enum;)Ljava/util/function/Supplier;" line="38"><counter type="INSTRUCTION" missed="0" covered="3"/><counter type="LINE" missed="0" covered="1"/><counter type="COMPLEXITY" missed="0" covered="1"/><counter type="METHOD" missed="0" covered="1"/></method><method name="assertAllMapped" desc="(Ljava/util/EnumMap;)Ljava/util/EnumMap;" line="44"><counter type="INSTRUCTION" missed="0" covered="41"/><counter type="BRANCH" missed="0" covered="2"/><counter type="LINE" missed="0" covered="8"/><counter type="COMPLEXITY" missed="0" covered="2"/><counter type="METHOD" missed="0" covered="1"/></method><method name="safeMap" desc="(Ljava/lang/Enum;)Lorg/interstellarocean/terraforming/util/EnumInitUtil$SafeMapFrom;" line="56"><counter type="INSTRUCTION" missed="0" covered="13"/><counter type="LINE" missed="0" covered="3"/><counter type="COMPLEXITY" missed="0" covered="1"/><counter type="METHOD" missed="0" covered="1"/></method><method name="nullArgument" desc="(Ljava/lang/String;)Ljava/util/function/Supplier;" line="102"><counter type="INSTRUCTION" missed="0" covered="3"/><counter type="LINE" missed="0" covered="1"/><counter type="COMPLEXITY" missed="0" covered="1"/><counter type="METHOD" missed="0" covered="1"/></method><method name="safeMap" desc="(Ljava/lang/Enum;Ljava/util/Collection;Ljava/util/Map;)Ljava/lang/Enum;" line="108"><counter type="INSTRUCTION" missed="0" covered="12"/><counter type="LINE" missed="0" covered="3"/><counter type="COMPLEXITY" missed="0" covered="1"/><counter type="METHOD" missed="0" covered="1"/></method><method name="assertNonEmpty" desc="(Ljava/util/Collection;Ljava/lang/Object;)V" line="120"><counter type="INSTRUCTION" missed="0" covered="26"/><counter type="BRANCH" missed="0" covered="4"/><counter type="LINE" missed="0" covered="6"/><counter type="COMPLEXITY" missed="0" covered="3"/><counter type="METHOD" missed="0" covered="1"/></method><method name="assertNonEmptyRequirementNotWaived" desc="(Ljava/lang/Object;Ljava/util/Collection;)V" line="131"><counter type="INSTRUCTION" missed="0" covered="22"/><counter type="BRANCH" missed="0" covered="2"/><counter type="LINE" missed="0" covered="3"/><counter type="COMPLEXITY" missed="0" covered="2"/><counter type="METHOD" missed="0" covered="1"/></method><method name="getNonEmptyRequirementWaiver" desc="(Ljava/lang/Object;)Ljava/util/Optional;" line="138"><counter type="INSTRUCTION" missed="0" covered="16"/><counter type="BRANCH" missed="0" covered="2"/><counter type="LINE" missed="0" covered="4"/><counter type="COMPLEXITY" missed="0" covered="2"/><counter type="METHOD" missed="0" covered="1"/></method><method name="tryToGetField" desc="(Ljava/lang/Enum;)Ljava/lang/reflect/Field;" line="147"><counter type="INSTRUCTION" missed="14" covered="6"/><counter type="LINE" missed="2" covered="1"/><counter type="COMPLEXITY" missed="0" covered="1"/><counter type="METHOD" missed="0" covered="1"/></method><method name="assertUniqueMapped" desc="(Ljava/lang/Object;Ljava/lang/Enum;Ljava/lang/Enum;)V" line="154"><counter type="INSTRUCTION" missed="0" covered="23"/><counter type="BRANCH" missed="0" covered="2"/><counter type="LINE" missed="0" covered="3"/><counter type="COMPLEXITY" missed="0" covered="2"/><counter type="METHOD" missed="0" covered="1"/></method><method name="lambda$safeMap$2" desc="(Ljava/util/Map;Ljava/lang/Enum;Ljava/lang/Object;)V" line="110"><counter type="INSTRUCTION" missed="0" covered="17"/><counter type="LINE" missed="0" covered="5"/><counter type="COMPLEXITY" missed="0" covered="1"/><counter type="METHOD" missed="0" covered="1"/></method><method name="lambda$nullArgument$1" desc="(Ljava/lang/String;)Ljava/lang/AssertionError;" line="103"><counter type="INSTRUCTION" missed="0" covered="12"/><counter type="LINE" missed="0" covered="1"/><counter type="COMPLEXITY" missed="0" covered="1"/><counter type="METHOD" missed="0" covered="1"/></method><method name="lambda$nullMappingError$0" desc="(Ljava/lang/Enum;)Ljava/lang/AssertionError;" line="39"><counter type="INSTRUCTION" missed="0" covered="12"/><counter type="LINE" missed="0" covered="1"/><counter type="COMPLEXITY" missed="0" covered="1"/><counter type="METHOD" missed="0" covered="1"/></method><counter type="INSTRUCTION" missed="14" covered="209"/><counter type="BRANCH" missed="0" covered="12"/><counter type="LINE" missed="2" covered="41"/><counter type="COMPLEXITY" missed="0" covered="20"/><counter type="METHOD" missed="0" covered="14"/><counter type="CLASS" missed="0" covered="1"/></class><class name="org/interstellarocean/terraforming/util/EnumInitHelper$1"><method name="&lt;init&gt;" desc="(Lorg/interstellarocean/terraforming/util/EnumInitHelper;Ljava/lang/Enum;)V" line="58"><counter type="INSTRUCTION" missed="0" covered="9"/><counter type="LINE" missed="0" covered="1"/><counter type="COMPLEXITY" missed="0" covered="1"/><counter type="METHOD" missed="0" covered="1"/></method><method name="from" desc="(Ljava/util/Collection;)Lorg/interstellarocean/terraforming/util/EnumInitUtil$SafeMapStore;" line="62"><counter type="INSTRUCTION" missed="0" covered="15"/><counter type="LINE" missed="0" covered="3"/><counter type="COMPLEXITY" missed="0" covered="1"/><counter type="METHOD" missed="0" covered="1"/></method><method name="from" desc="([Ljava/lang/Object;)Lorg/interstellarocean/terraforming/util/EnumInitUtil$SafeMapStore;" line="93"><counter type="INSTRUCTION" missed="0" covered="14"/><counter type="LINE" missed="0" covered="3"/><counter type="COMPLEXITY" missed="0" covered="1"/><counter type="METHOD" missed="0" covered="1"/></method><counter type="INSTRUCTION" missed="0" covered="38"/><counter type="LINE" missed="0" covered="7"/><counter type="COMPLEXITY" missed="0" covered="3"/><counter type="METHOD" missed="0" covered="3"/><counter type="CLASS" missed="0" covered="1"/></class><sourcefile name="EnumInitUtil.java"><line nr="23" mi="0" ci="5" mb="0" cb="0"/><line nr="26" mi="2" ci="0" mb="0" cb="0"/><line nr="27" mi="1" ci="0" mb="0" cb="0"/><line nr="36" mi="0" ci="4" mb="0" cb="0"/><line nr="49" mi="0" ci="4" mb="0" cb="0"/><line nr="60" mi="0" ci="4" mb="0" cb="0"/><counter type="INSTRUCTION" missed="3" covered="17"/><counter type="LINE" missed="2" covered="4"/><counter type="COMPLEXITY" missed="1" covered="4"/><counter type="METHOD" missed="1" covered="4"/><counter type="CLASS" missed="0" covered="1"/></sourcefile><sourcefile name="VarargUtil.java"><line nr="17" mi="2" ci="0" mb="0" cb="0"/><line nr="18" mi="1" ci="0" mb="0" cb="0"/><line nr="28" mi="0" ci="2" mb="0" cb="0"/><line nr="39" mi="0" ci="2" mb="0" cb="0"/><counter type="INSTRUCTION" missed="3" covered="4"/><counter type="LINE" missed="2" covered="2"/><counter type="COMPLEXITY" missed="1" covered="2"/><counter type="METHOD" missed="1" covered="2"/><counter type="CLASS" missed="0" covered="1"/></sourcefile><sourcefile name="EnumInitHelper.java"><line nr="35" mi="0" ci="3" mb="0" cb="0"/><line nr="38" mi="0" ci="3" mb="0" cb="0"/><line nr="39" mi="0" ci="12" mb="0" cb="0"/><line nr="44" mi="0" ci="4" mb="0" cb="0"/><line nr="45" mi="0" ci="3" mb="0" cb="0"/><line nr="46" mi="0" ci="3" mb="0" cb="0"/><line nr="47" mi="0" ci="4" mb="0" cb="0"/><line nr="48" mi="0" ci="6" mb="0" cb="0"/><line nr="49" mi="0" ci="5" mb="0" cb="2"/><line nr="50" mi="0" ci="2" mb="0" cb="0"/><line nr="52" mi="0" ci="14" mb="0" cb="0"/><line nr="56" mi="0" ci="4" mb="0" cb="0"/><line nr="57" mi="0" ci="3" mb="0" cb="0"/><line nr="58" mi="0" ci="15" mb="0" cb="0"/><line nr="62" mi="0" ci="6" mb="0" cb="0"/><line nr="63" mi="0" ci="3" mb="0" cb="0"/><line nr="64" mi="0" ci="15" mb="0" cb="0"/><line nr="68" mi="0" ci="8" mb="0" cb="0"/><line nr="69" mi="0" ci="3" mb="0" cb="0"/><line nr="70" mi="0" ci="11" mb="0" cb="0"/><line nr="75" mi="0" ci="6" mb="0" cb="0"/><line nr="76" mi="0" ci="3" mb="0" cb="0"/><line nr="77" mi="0" ci="6" mb="0" cb="0"/><line nr="78" mi="0" ci="8" mb="0" cb="0"/><line nr="79" mi="0" ci="3" mb="0" cb="0"/><line nr="80" mi="0" ci="9" mb="0" cb="0"/><line nr="84" mi="0" ci="9" mb="0" cb="0"/><line nr="93" mi="0" ci="6" mb="0" cb="0"/><line nr="94" mi="0" ci="3" mb="0" cb="0"/><line nr="95" mi="0" ci="5" mb="0" cb="0"/><line nr="102" mi="0" ci="3" mb="0" cb="0"/><line nr="103" mi="0" ci="12" mb="0" cb="0"/><line nr="108" mi="0" ci="4" mb="0" cb="0"/><line nr="109" mi="0" ci="6" mb="0" cb="0"/><line nr="110" mi="0" ci="5" mb="0" cb="0"/><line nr="111" mi="0" ci="3" mb="0" cb="0"/><line nr="112" mi="0" ci="3" mb="0" cb="0"/><line nr="114" mi="0" ci="5" mb="0" cb="0"/><line nr="115" mi="0" ci="1" mb="0" cb="0"/><line nr="116" mi="0" ci="2" mb="0" cb="0"/><line nr="120" mi="0" ci="3" mb="0" cb="2"/><line nr="121" mi="0" ci="4" mb="0" cb="0"/><line nr="122" mi="0" ci="1" mb="0" cb="0"/><line nr="124" mi="0" ci="5" mb="0" cb="2"/><line nr="125" mi="0" ci="1" mb="0" cb="0"/><line nr="127" mi="0" ci="12" mb="0" cb="0"/><line nr="131" mi="0" ci="5" mb="0" cb="2"/><line nr="132" mi="0" ci="1" mb="0" cb="0"/><line nr="134" mi="0" ci="16" mb="0" cb="0"/><line nr="138" mi="0" ci="3" mb="0" cb="2"/><line nr="139" mi="0" ci="2" mb="0" cb="0"/><line nr="141" mi="0" ci="8" mb="0" cb="0"/><line nr="142" mi="0" ci="3" mb="0" cb="0"/><line nr="147" mi="0" ci="6" mb="0" cb="0"/><line nr="148" mi="1" ci="0" mb="0" cb="0"/><line nr="149" mi="13" ci="0" mb="0" cb="0"/><line nr="154" mi="0" ci="2" mb="0" cb="2"/><line nr="155" mi="0" ci="1" mb="0" cb="0"/><line nr="157" mi="0" ci="20" mb="0" cb="0"/><counter type="INSTRUCTION" missed="14" covered="322"/><counter type="BRANCH" missed="0" covered="12"/><counter type="LINE" missed="2" covered="57"/><counter type="COMPLEXITY" missed="0" covered="27"/><counter type="METHOD" missed="0" covered="21"/><counter type="CLASS" missed="0" covered="3"/></sourcefile><counter type="INSTRUCTION" missed="20" covered="343"/><counter type="BRANCH" missed="0" covered="12"/><counter type="LINE" missed="6" covered="63"/><counter type="COMPLEXITY" missed="2" covered="33"/><counter type="METHOD" missed="2" covered="27"/><counter type="CLASS" missed="0" covered="5"/></package><package name="org/interstellarocean/terraforming"><class name="org/interstellarocean/terraforming/ToDtoModelTransformer"><method name="toDto" desc="(Ljava/util/Collection;)Ljava/util/List;" line="39"><counter type="INSTRUCTION" missed="0" covered="9"/><counter type="LINE" missed="0" covered="1"/><counter type="COMPLEXITY" missed="0" covered="1"/><counter type="METHOD" missed="0" covered="1"/></method><method name="lambda$toDto$3" desc="(Ljava/lang/Object;)Ljava/lang/Object;" line="39"><counter type="INSTRUCTION" missed="0" covered="4"/><counter type="LINE" missed="0" covered="1"/><counter type="COMPLEXITY" missed="0" covered="1"/><counter type="METHOD" missed="0" covered="1"/></method><counter type="INSTRUCTION" missed="0" covered="13"/><counter type="LINE" missed="0" covered="1"/><counter type="COMPLEXITY" missed="0" covered="2"/><counter type="METHOD" missed="0" covered="2"/><counter type="CLASS" missed="0" covered="1"/></class><class name="org/interstellarocean/terraforming/ToDomainModelTransformer"><method name="toDomain" desc="(Ljava/util/Collection;)Ljava/util/List;" line="39"><counter type="INSTRUCTION" missed="0" covered="9"/><counter type="LINE" missed="0" covered="1"/><counter type="COMPLEXITY" missed="0" covered="1"/><counter type="METHOD" missed="0" covered="1"/></method><method name="lambda$toDomain$4" desc="(Ljava/lang/Object;)Ljava/lang/Object;" line="39"><counter type="INSTRUCTION" missed="0" covered="4"/><counter type="LINE" missed="0" covered="1"/><counter type="COMPLEXITY" missed="0" covered="1"/><counter type="METHOD" missed="0" covered="1"/></method><counter type="INSTRUCTION" missed="0" covered="13"/><counter type="LINE" missed="0" covered="1"/><counter type="COMPLEXITY" missed="0" covered="2"/><counter type="METHOD" missed="0" covered="2"/><counter type="CLASS" missed="0" covered="1"/></class><sourcefile name="ToDtoModelTransformer.java"><line nr="39" mi="0" ci="13" mb="0" cb="0"/><counter type="INSTRUCTION" missed="0" covered="13"/><counter type="LINE" missed="0" covered="1"/><counter type="COMPLEXITY" missed="0" covered="2"/><counter type="METHOD" missed="0" covered="2"/><counter type="CLASS" missed="0" covered="1"/></sourcefile><sourcefile name="ToDomainModelTransformer.java"><line nr="39" mi="0" ci="13" mb="0" cb="0"/><counter type="INSTRUCTION" missed="0" covered="13"/><counter type="LINE" missed="0" covered="1"/><counter type="COMPLEXITY" missed="0" covered="2"/><counter type="METHOD" missed="0" covered="2"/><counter type="CLASS" missed="0" covered="1"/></sourcefile><counter type="INSTRUCTION" missed="0" covered="26"/><counter type="LINE" missed="0" covered="2"/><counter type="COMPLEXITY" missed="0" covered="4"/><counter type="METHOD" missed="0" covered="4"/><counter type="CLASS" missed="0" covered="2"/></package><counter type="INSTRUCTION" missed="20" covered="369"/><counter type="BRANCH" missed="0" covered="12"/><counter type="LINE" missed="6" covered="65"/><counter type="COMPLEXITY" missed="2" covered="37"/><counter type="METHOD" missed="2" covered="31"/><counter type="CLASS" missed="0" covered="7"/></report>